2024-11-21 14:25:07,878 DEBUG    root            Loaded Command Group: ['gcloud', 'components']
2024-11-21 14:25:07,882 DEBUG    root            Loaded Command Group: ['gcloud', 'components', 'update']
2024-11-21 14:25:07,885 DEBUG    root            Running [gcloud.components.update] with arguments: [--compile-python: "True", --quiet: "True", COMPONENT-IDS:6: "['core', 'gcloud-deps', 'bq', 'gcloud', 'gcloud-crc32c', 'gsutil']"]
2024-11-21 14:25:07,886 INFO     ___FILE_ONLY___ Beginning update. This process may take several minutes.

2024-11-21 14:25:07,927 DEBUG    urllib3.connectionpool Starting new HTTPS connection (1): dl.google.com:443
2024-11-21 14:25:07,992 DEBUG    urllib3.connectionpool https://dl.google.com:443 "GET /dl/cloudsdk/channels/rapid/components-2.json HTTP/1.1" 200 227816
2024-11-21 14:25:08,014 INFO     ___FILE_ONLY___ 

2024-11-21 14:25:08,015 INFO     ___FILE_ONLY___ 
Your current Google Cloud CLI version is: 502.0.0

2024-11-21 14:25:08,015 INFO     ___FILE_ONLY___ Installing components from version: 502.0.0

2024-11-21 14:25:08,015 INFO     ___FILE_ONLY___ 

2024-11-21 14:25:08,015 DEBUG    root            Chosen display Format:table[box,title="These components will be removed."](details.display_name:label=Name:align=left,version.version_string:label=Version:align=right,data.size.size(zero="",min=1048576):label=Size:align=right)
2024-11-21 14:25:08,016 DEBUG    root            Chosen display Format:table[box,title="These components will be updated."](details.display_name:label=Name:align=left,version.version_string:label=Version:align=right,data.size.size(zero="",min=1048576):label=Size:align=right)
2024-11-21 14:25:08,017 DEBUG    root            Chosen display Format:table[box,title="These components will be installed."](details.display_name:label=Name:align=left,version.version_string:label=Version:align=right,data.size.size(zero="",min=1048576):label=Size:align=right)
2024-11-21 14:25:08,064 INFO     ___FILE_ONLY___ ┌─────────────────────────────────────────────────────────────────────────────┐
2024-11-21 14:25:08,064 INFO     ___FILE_ONLY___ 

2024-11-21 14:25:08,064 INFO     ___FILE_ONLY___ │                     These components will be installed.                     │
2024-11-21 14:25:08,064 INFO     ___FILE_ONLY___ 

2024-11-21 14:25:08,064 INFO     ___FILE_ONLY___ ├─────────────────────────────────────────────────────┬────────────┬──────────┤
2024-11-21 14:25:08,064 INFO     ___FILE_ONLY___ 

2024-11-21 14:25:08,064 INFO     ___FILE_ONLY___ │                         Name                        │  Version   │   Size   │
2024-11-21 14:25:08,064 INFO     ___FILE_ONLY___ 

2024-11-21 14:25:08,065 INFO     ___FILE_ONLY___ ├─────────────────────────────────────────────────────┼────────────┼──────────┤
2024-11-21 14:25:08,065 INFO     ___FILE_ONLY___ 

2024-11-21 14:25:08,065 INFO     ___FILE_ONLY___ │ 
2024-11-21 14:25:08,065 INFO     ___FILE_ONLY___ BigQuery Command Line Tool                         
2024-11-21 14:25:08,065 INFO     ___FILE_ONLY___  
2024-11-21 14:25:08,065 INFO     ___FILE_ONLY___ │ 
2024-11-21 14:25:08,065 INFO     ___FILE_ONLY___      2.1.9
2024-11-21 14:25:08,065 INFO     ___FILE_ONLY___  
2024-11-21 14:25:08,065 INFO     ___FILE_ONLY___ │ 
2024-11-21 14:25:08,065 INFO     ___FILE_ONLY___  1.7 MiB
2024-11-21 14:25:08,066 INFO     ___FILE_ONLY___  
2024-11-21 14:25:08,066 INFO     ___FILE_ONLY___ │
2024-11-21 14:25:08,066 INFO     ___FILE_ONLY___ 

2024-11-21 14:25:08,066 INFO     ___FILE_ONLY___ │ 
2024-11-21 14:25:08,066 INFO     ___FILE_ONLY___ BigQuery Command Line Tool (Platform Specific)     
2024-11-21 14:25:08,066 INFO     ___FILE_ONLY___  
2024-11-21 14:25:08,066 INFO     ___FILE_ONLY___ │ 
2024-11-21 14:25:08,066 INFO     ___FILE_ONLY___      2.1.8
2024-11-21 14:25:08,066 INFO     ___FILE_ONLY___  
2024-11-21 14:25:08,066 INFO     ___FILE_ONLY___ │ 
2024-11-21 14:25:08,067 INFO     ___FILE_ONLY___  < 1 MiB
2024-11-21 14:25:08,067 INFO     ___FILE_ONLY___  
2024-11-21 14:25:08,067 INFO     ___FILE_ONLY___ │
2024-11-21 14:25:08,067 INFO     ___FILE_ONLY___ 

2024-11-21 14:25:08,067 INFO     ___FILE_ONLY___ │ 
2024-11-21 14:25:08,067 INFO     ___FILE_ONLY___ Bundled Python 3.11 (Platform Specific)            
2024-11-21 14:25:08,067 INFO     ___FILE_ONLY___  
2024-11-21 14:25:08,067 INFO     ___FILE_ONLY___ │ 
2024-11-21 14:25:08,067 INFO     ___FILE_ONLY___     3.11.9
2024-11-21 14:25:08,067 INFO     ___FILE_ONLY___  
2024-11-21 14:25:08,068 INFO     ___FILE_ONLY___ │ 
2024-11-21 14:25:08,068 INFO     ___FILE_ONLY___ 74.4 MiB
2024-11-21 14:25:08,068 INFO     ___FILE_ONLY___  
2024-11-21 14:25:08,068 INFO     ___FILE_ONLY___ │
2024-11-21 14:25:08,068 INFO     ___FILE_ONLY___ 

2024-11-21 14:25:08,068 INFO     ___FILE_ONLY___ │ 
2024-11-21 14:25:08,068 INFO     ___FILE_ONLY___ Cloud Storage Command Line Tool                    
2024-11-21 14:25:08,068 INFO     ___FILE_ONLY___  
2024-11-21 14:25:08,068 INFO     ___FILE_ONLY___ │ 
2024-11-21 14:25:08,069 INFO     ___FILE_ONLY___       5.31
2024-11-21 14:25:08,069 INFO     ___FILE_ONLY___  
2024-11-21 14:25:08,069 INFO     ___FILE_ONLY___ │ 
2024-11-21 14:25:08,069 INFO     ___FILE_ONLY___ 11.3 MiB
2024-11-21 14:25:08,069 INFO     ___FILE_ONLY___  
2024-11-21 14:25:08,069 INFO     ___FILE_ONLY___ │
2024-11-21 14:25:08,069 INFO     ___FILE_ONLY___ 

2024-11-21 14:25:08,069 INFO     ___FILE_ONLY___ │ 
2024-11-21 14:25:08,069 INFO     ___FILE_ONLY___ Cloud Storage Command Line Tool (Platform Specific)
2024-11-21 14:25:08,069 INFO     ___FILE_ONLY___  
2024-11-21 14:25:08,070 INFO     ___FILE_ONLY___ │ 
2024-11-21 14:25:08,070 INFO     ___FILE_ONLY___       5.30
2024-11-21 14:25:08,070 INFO     ___FILE_ONLY___  
2024-11-21 14:25:08,070 INFO     ___FILE_ONLY___ │ 
2024-11-21 14:25:08,070 INFO     ___FILE_ONLY___  < 1 MiB
2024-11-21 14:25:08,070 INFO     ___FILE_ONLY___  
2024-11-21 14:25:08,070 INFO     ___FILE_ONLY___ │
2024-11-21 14:25:08,070 INFO     ___FILE_ONLY___ 

2024-11-21 14:25:08,070 INFO     ___FILE_ONLY___ │ 
2024-11-21 14:25:08,071 INFO     ___FILE_ONLY___ Google Cloud CLI Core Libraries (Platform Specific)
2024-11-21 14:25:08,071 INFO     ___FILE_ONLY___  
2024-11-21 14:25:08,071 INFO     ___FILE_ONLY___ │ 
2024-11-21 14:25:08,071 INFO     ___FILE_ONLY___ 2024.08.30
2024-11-21 14:25:08,071 INFO     ___FILE_ONLY___  
2024-11-21 14:25:08,071 INFO     ___FILE_ONLY___ │ 
2024-11-21 14:25:08,071 INFO     ___FILE_ONLY___  < 1 MiB
2024-11-21 14:25:08,071 INFO     ___FILE_ONLY___  
2024-11-21 14:25:08,071 INFO     ___FILE_ONLY___ │
2024-11-21 14:25:08,071 INFO     ___FILE_ONLY___ 

2024-11-21 14:25:08,071 INFO     ___FILE_ONLY___ │ 
2024-11-21 14:25:08,072 INFO     ___FILE_ONLY___ Google Cloud CRC32C Hash Tool (Platform Specific)  
2024-11-21 14:25:08,072 INFO     ___FILE_ONLY___  
2024-11-21 14:25:08,072 INFO     ___FILE_ONLY___ │ 
2024-11-21 14:25:08,072 INFO     ___FILE_ONLY___      1.0.0
2024-11-21 14:25:08,072 INFO     ___FILE_ONLY___  
2024-11-21 14:25:08,072 INFO     ___FILE_ONLY___ │ 
2024-11-21 14:25:08,072 INFO     ___FILE_ONLY___  1.3 MiB
2024-11-21 14:25:08,073 INFO     ___FILE_ONLY___  
2024-11-21 14:25:08,073 INFO     ___FILE_ONLY___ │
2024-11-21 14:25:08,073 INFO     ___FILE_ONLY___ 

2024-11-21 14:25:08,073 INFO     ___FILE_ONLY___ │ 
2024-11-21 14:25:08,073 INFO     ___FILE_ONLY___ gcloud cli dependencies (Platform Specific)        
2024-11-21 14:25:08,073 INFO     ___FILE_ONLY___  
2024-11-21 14:25:08,073 INFO     ___FILE_ONLY___ │ 
2024-11-21 14:25:08,073 INFO     ___FILE_ONLY___ 2021.04.16
2024-11-21 14:25:08,073 INFO     ___FILE_ONLY___  
2024-11-21 14:25:08,074 INFO     ___FILE_ONLY___ │ 
2024-11-21 14:25:08,074 INFO     ___FILE_ONLY___  < 1 MiB
2024-11-21 14:25:08,074 INFO     ___FILE_ONLY___  
2024-11-21 14:25:08,074 INFO     ___FILE_ONLY___ │
2024-11-21 14:25:08,074 INFO     ___FILE_ONLY___ 

2024-11-21 14:25:08,074 INFO     ___FILE_ONLY___ └─────────────────────────────────────────────────────┴────────────┴──────────┘
2024-11-21 14:25:08,074 INFO     ___FILE_ONLY___ 

2024-11-21 14:25:08,075 INFO     ___FILE_ONLY___ 

2024-11-21 14:25:08,078 DEBUG    urllib3.connectionpool Starting new HTTPS connection (1): dl.google.com:443
2024-11-21 14:25:08,144 DEBUG    urllib3.connectionpool https://dl.google.com:443 "GET /dl/cloudsdk/channels/rapid/RELEASE_NOTES HTTP/1.1" 200 1314602
2024-11-21 14:25:08,212 INFO     ___FILE_ONLY___ For the latest full release notes, please visit:
  https://cloud.google.com/sdk/release_notes


2024-11-21 14:25:08,213 INFO     ___FILE_ONLY___ Performing in place update...


2024-11-21 14:25:08,215 INFO     ___FILE_ONLY___ ╔════════════════════════════════════════════════════════════╗

2024-11-21 14:25:08,215 INFO     ___FILE_ONLY___ ╠═ Downloading: BigQuery Command Line Tool                  ═╣

2024-11-21 14:25:08,215 INFO     ___FILE_ONLY___ ╚
2024-11-21 14:25:08,219 DEBUG    urllib3.connectionpool Starting new HTTPS connection (1): dl.google.com:443
2024-11-21 14:25:08,283 DEBUG    urllib3.connectionpool https://dl.google.com:443 "GET /dl/cloudsdk/channels/rapid/components/google-cloud-sdk-bq-20241011151610.tar.gz HTTP/1.1" 200 1831026
2024-11-21 14:25:08,297 INFO     ___FILE_ONLY___ ═
2024-11-21 14:25:08,297 INFO     ___FILE_ONLY___ ═
2024-11-21 14:25:08,298 INFO     ___FILE_ONLY___ ═
2024-11-21 14:25:08,298 INFO     ___FILE_ONLY___ ═
2024-11-21 14:25:08,298 INFO     ___FILE_ONLY___ ═
2024-11-21 14:25:08,298 INFO     ___FILE_ONLY___ ═
2024-11-21 14:25:08,298 INFO     ___FILE_ONLY___ ═
2024-11-21 14:25:08,298 INFO     ___FILE_ONLY___ ═
2024-11-21 14:25:08,299 INFO     ___FILE_ONLY___ ═
2024-11-21 14:25:08,299 INFO     ___FILE_ONLY___ ═
2024-11-21 14:25:08,299 INFO     ___FILE_ONLY___ ═
2024-11-21 14:25:08,299 INFO     ___FILE_ONLY___ ═
2024-11-21 14:25:08,299 INFO     ___FILE_ONLY___ ═
2024-11-21 14:25:08,299 INFO     ___FILE_ONLY___ ═
2024-11-21 14:25:08,300 INFO     ___FILE_ONLY___ ═
2024-11-21 14:25:08,300 INFO     ___FILE_ONLY___ ═
2024-11-21 14:25:08,300 INFO     ___FILE_ONLY___ ═
2024-11-21 14:25:08,300 INFO     ___FILE_ONLY___ ═
2024-11-21 14:25:08,300 INFO     ___FILE_ONLY___ ═
2024-11-21 14:25:08,300 INFO     ___FILE_ONLY___ ═
2024-11-21 14:25:08,301 INFO     ___FILE_ONLY___ ═
2024-11-21 14:25:08,301 INFO     ___FILE_ONLY___ ═
2024-11-21 14:25:08,301 INFO     ___FILE_ONLY___ ═
2024-11-21 14:25:08,301 INFO     ___FILE_ONLY___ ═
2024-11-21 14:25:08,301 INFO     ___FILE_ONLY___ ═
2024-11-21 14:25:08,301 INFO     ___FILE_ONLY___ ═
2024-11-21 14:25:08,302 INFO     ___FILE_ONLY___ ═
2024-11-21 14:25:08,302 INFO     ___FILE_ONLY___ ═
2024-11-21 14:25:08,302 INFO     ___FILE_ONLY___ ═
2024-11-21 14:25:08,302 INFO     ___FILE_ONLY___ ═
2024-11-21 14:25:08,302 INFO     ___FILE_ONLY___ ═
2024-11-21 14:25:08,302 INFO     ___FILE_ONLY___ ═
2024-11-21 14:25:08,303 INFO     ___FILE_ONLY___ ═
2024-11-21 14:25:08,303 INFO     ___FILE_ONLY___ ═
2024-11-21 14:25:08,303 INFO     ___FILE_ONLY___ ═
2024-11-21 14:25:08,303 INFO     ___FILE_ONLY___ ═
2024-11-21 14:25:08,303 INFO     ___FILE_ONLY___ ═
2024-11-21 14:25:08,303 INFO     ___FILE_ONLY___ ═
2024-11-21 14:25:08,304 INFO     ___FILE_ONLY___ ═
2024-11-21 14:25:08,304 INFO     ___FILE_ONLY___ ═
2024-11-21 14:25:08,304 INFO     ___FILE_ONLY___ ═
2024-11-21 14:25:08,304 INFO     ___FILE_ONLY___ ═
2024-11-21 14:25:08,304 INFO     ___FILE_ONLY___ ═
2024-11-21 14:25:08,304 INFO     ___FILE_ONLY___ ═
2024-11-21 14:25:08,305 INFO     ___FILE_ONLY___ ═
2024-11-21 14:25:08,305 INFO     ___FILE_ONLY___ ═
2024-11-21 14:25:08,305 INFO     ___FILE_ONLY___ ═
2024-11-21 14:25:08,305 INFO     ___FILE_ONLY___ ═
2024-11-21 14:25:08,305 INFO     ___FILE_ONLY___ ═
2024-11-21 14:25:08,305 INFO     ___FILE_ONLY___ ═
2024-11-21 14:25:08,306 INFO     ___FILE_ONLY___ ═
2024-11-21 14:25:08,306 INFO     ___FILE_ONLY___ ═
2024-11-21 14:25:08,306 INFO     ___FILE_ONLY___ ═
2024-11-21 14:25:08,306 INFO     ___FILE_ONLY___ ═
2024-11-21 14:25:08,306 INFO     ___FILE_ONLY___ ═
2024-11-21 14:25:08,307 INFO     ___FILE_ONLY___ ═
2024-11-21 14:25:08,307 INFO     ___FILE_ONLY___ ═
2024-11-21 14:25:08,307 INFO     ___FILE_ONLY___ ═
2024-11-21 14:25:08,307 INFO     ___FILE_ONLY___ ═
2024-11-21 14:25:08,307 INFO     ___FILE_ONLY___ ═
2024-11-21 14:25:08,307 INFO     ___FILE_ONLY___ ╝

2024-11-21 14:25:08,310 INFO     ___FILE_ONLY___ ╔════════════════════════════════════════════════════════════╗

2024-11-21 14:25:08,310 INFO     ___FILE_ONLY___ ╠═ Downloading: BigQuery Command Line Tool (Platform Spe... ═╣

2024-11-21 14:25:08,310 INFO     ___FILE_ONLY___ ╚
2024-11-21 14:25:08,314 DEBUG    urllib3.connectionpool Starting new HTTPS connection (1): dl.google.com:443
2024-11-21 14:25:08,377 DEBUG    urllib3.connectionpool https://dl.google.com:443 "GET /dl/cloudsdk/channels/rapid/components/google-cloud-sdk-bq-nix-20240830134514.tar.gz HTTP/1.1" 200 1914
2024-11-21 14:25:08,378 INFO     ___FILE_ONLY___ ════════════════════════════════════════════════════════════
2024-11-21 14:25:08,378 INFO     ___FILE_ONLY___ ╝

2024-11-21 14:25:08,381 INFO     ___FILE_ONLY___ ╔════════════════════════════════════════════════════════════╗

2024-11-21 14:25:08,381 INFO     ___FILE_ONLY___ ╠═ Downloading: Bundled Python 3.11                         ═╣

2024-11-21 14:25:08,381 INFO     ___FILE_ONLY___ ╚
2024-11-21 14:25:08,381 INFO     ___FILE_ONLY___ ════════════════════════════════════════════════════════════
2024-11-21 14:25:08,381 INFO     ___FILE_ONLY___ ╝

2024-11-21 14:25:08,383 INFO     ___FILE_ONLY___ ╔════════════════════════════════════════════════════════════╗

2024-11-21 14:25:08,383 INFO     ___FILE_ONLY___ ╠═ Downloading: Bundled Python 3.11 (Platform Specific)     ═╣

2024-11-21 14:25:08,383 INFO     ___FILE_ONLY___ ╚
2024-11-21 14:25:08,387 DEBUG    urllib3.connectionpool Starting new HTTPS connection (1): dl.google.com:443
2024-11-21 14:25:08,554 DEBUG    urllib3.connectionpool https://dl.google.com:443 "GET /dl/cloudsdk/channels/rapid/components/google-cloud-sdk-bundled-python3-unix-linux-x86_64-20240920144119.tar.gz HTTP/1.1" 200 78001783
2024-11-21 14:25:08,872 INFO     ___FILE_ONLY___ ═
2024-11-21 14:25:08,874 INFO     ___FILE_ONLY___ ═
2024-11-21 14:25:08,876 INFO     ___FILE_ONLY___ ═
2024-11-21 14:25:08,877 INFO     ___FILE_ONLY___ ═
2024-11-21 14:25:08,879 INFO     ___FILE_ONLY___ ═
2024-11-21 14:25:08,881 INFO     ___FILE_ONLY___ ═
2024-11-21 14:25:08,883 INFO     ___FILE_ONLY___ ═
2024-11-21 14:25:08,885 INFO     ___FILE_ONLY___ ═
2024-11-21 14:25:08,886 INFO     ___FILE_ONLY___ ═
2024-11-21 14:25:08,888 INFO     ___FILE_ONLY___ ═
2024-11-21 14:25:08,890 INFO     ___FILE_ONLY___ ═
2024-11-21 14:25:08,892 INFO     ___FILE_ONLY___ ═
2024-11-21 14:25:08,894 INFO     ___FILE_ONLY___ ═
2024-11-21 14:25:08,896 INFO     ___FILE_ONLY___ ═
2024-11-21 14:25:08,897 INFO     ___FILE_ONLY___ ═
2024-11-21 14:25:08,899 INFO     ___FILE_ONLY___ ═
2024-11-21 14:25:08,901 INFO     ___FILE_ONLY___ ═
2024-11-21 14:25:08,903 INFO     ___FILE_ONLY___ ═
2024-11-21 14:25:08,905 INFO     ___FILE_ONLY___ ═
2024-11-21 14:25:08,906 INFO     ___FILE_ONLY___ ═
2024-11-21 14:25:08,908 INFO     ___FILE_ONLY___ ═
2024-11-21 14:25:08,910 INFO     ___FILE_ONLY___ ═
2024-11-21 14:25:08,912 INFO     ___FILE_ONLY___ ═
2024-11-21 14:25:08,914 INFO     ___FILE_ONLY___ ═
2024-11-21 14:25:08,915 INFO     ___FILE_ONLY___ ═
2024-11-21 14:25:08,917 INFO     ___FILE_ONLY___ ═
2024-11-21 14:25:08,919 INFO     ___FILE_ONLY___ ═
2024-11-21 14:25:08,921 INFO     ___FILE_ONLY___ ═
2024-11-21 14:25:08,923 INFO     ___FILE_ONLY___ ═
2024-11-21 14:25:08,924 INFO     ___FILE_ONLY___ ═
2024-11-21 14:25:08,926 INFO     ___FILE_ONLY___ ═
2024-11-21 14:25:08,928 INFO     ___FILE_ONLY___ ═
2024-11-21 14:25:08,930 INFO     ___FILE_ONLY___ ═
2024-11-21 14:25:08,932 INFO     ___FILE_ONLY___ ═
2024-11-21 14:25:08,934 INFO     ___FILE_ONLY___ ═
2024-11-21 14:25:08,935 INFO     ___FILE_ONLY___ ═
2024-11-21 14:25:08,937 INFO     ___FILE_ONLY___ ═
2024-11-21 14:25:08,939 INFO     ___FILE_ONLY___ ═
2024-11-21 14:25:08,941 INFO     ___FILE_ONLY___ ═
2024-11-21 14:25:08,942 INFO     ___FILE_ONLY___ ═
2024-11-21 14:25:08,944 INFO     ___FILE_ONLY___ ═
2024-11-21 14:25:08,946 INFO     ___FILE_ONLY___ ═
2024-11-21 14:25:08,948 INFO     ___FILE_ONLY___ ═
2024-11-21 14:25:08,950 INFO     ___FILE_ONLY___ ═
2024-11-21 14:25:08,952 INFO     ___FILE_ONLY___ ═
2024-11-21 14:25:08,954 INFO     ___FILE_ONLY___ ═
2024-11-21 14:25:08,955 INFO     ___FILE_ONLY___ ═
2024-11-21 14:25:08,957 INFO     ___FILE_ONLY___ ═
2024-11-21 14:25:08,959 INFO     ___FILE_ONLY___ ═
2024-11-21 14:25:08,961 INFO     ___FILE_ONLY___ ═
2024-11-21 14:25:08,963 INFO     ___FILE_ONLY___ ═
2024-11-21 14:25:08,964 INFO     ___FILE_ONLY___ ═
2024-11-21 14:25:08,966 INFO     ___FILE_ONLY___ ═
2024-11-21 14:25:08,968 INFO     ___FILE_ONLY___ ═
2024-11-21 14:25:08,970 INFO     ___FILE_ONLY___ ═
2024-11-21 14:25:08,972 INFO     ___FILE_ONLY___ ═
2024-11-21 14:25:08,973 INFO     ___FILE_ONLY___ ═
2024-11-21 14:25:08,975 INFO     ___FILE_ONLY___ ═
2024-11-21 14:25:08,977 INFO     ___FILE_ONLY___ ═
2024-11-21 14:25:08,979 INFO     ___FILE_ONLY___ ═
2024-11-21 14:25:08,979 INFO     ___FILE_ONLY___ ╝

2024-11-21 14:25:08,982 INFO     ___FILE_ONLY___ ╔════════════════════════════════════════════════════════════╗

2024-11-21 14:25:08,982 INFO     ___FILE_ONLY___ ╠═ Downloading: Cloud Storage Command Line Tool             ═╣

2024-11-21 14:25:08,982 INFO     ___FILE_ONLY___ ╚
2024-11-21 14:25:08,991 DEBUG    urllib3.connectionpool Starting new HTTPS connection (1): dl.google.com:443
2024-11-21 14:25:09,057 DEBUG    urllib3.connectionpool https://dl.google.com:443 "GET /dl/cloudsdk/channels/rapid/components/google-cloud-sdk-gsutil-20241011151610.tar.gz HTTP/1.1" 200 11831021
2024-11-21 14:25:09,103 INFO     ___FILE_ONLY___ ═
2024-11-21 14:25:09,103 INFO     ___FILE_ONLY___ ═
2024-11-21 14:25:09,104 INFO     ___FILE_ONLY___ ═
2024-11-21 14:25:09,104 INFO     ___FILE_ONLY___ ═
2024-11-21 14:25:09,105 INFO     ___FILE_ONLY___ ═
2024-11-21 14:25:09,105 INFO     ___FILE_ONLY___ ═
2024-11-21 14:25:09,106 INFO     ___FILE_ONLY___ ═
2024-11-21 14:25:09,106 INFO     ___FILE_ONLY___ ═
2024-11-21 14:25:09,106 INFO     ___FILE_ONLY___ ═
2024-11-21 14:25:09,107 INFO     ___FILE_ONLY___ ═
2024-11-21 14:25:09,107 INFO     ___FILE_ONLY___ ═
2024-11-21 14:25:09,108 INFO     ___FILE_ONLY___ ═
2024-11-21 14:25:09,108 INFO     ___FILE_ONLY___ ═
2024-11-21 14:25:09,108 INFO     ___FILE_ONLY___ ═
2024-11-21 14:25:09,109 INFO     ___FILE_ONLY___ ═
2024-11-21 14:25:09,109 INFO     ___FILE_ONLY___ ═
2024-11-21 14:25:09,109 INFO     ___FILE_ONLY___ ═
2024-11-21 14:25:09,110 INFO     ___FILE_ONLY___ ═
2024-11-21 14:25:09,110 INFO     ___FILE_ONLY___ ═
2024-11-21 14:25:09,111 INFO     ___FILE_ONLY___ ═
2024-11-21 14:25:09,111 INFO     ___FILE_ONLY___ ═
2024-11-21 14:25:09,111 INFO     ___FILE_ONLY___ ═
2024-11-21 14:25:09,112 INFO     ___FILE_ONLY___ ═
2024-11-21 14:25:09,112 INFO     ___FILE_ONLY___ ═
2024-11-21 14:25:09,113 INFO     ___FILE_ONLY___ ═
2024-11-21 14:25:09,113 INFO     ___FILE_ONLY___ ═
2024-11-21 14:25:09,113 INFO     ___FILE_ONLY___ ═
2024-11-21 14:25:09,114 INFO     ___FILE_ONLY___ ═
2024-11-21 14:25:09,114 INFO     ___FILE_ONLY___ ═
2024-11-21 14:25:09,115 INFO     ___FILE_ONLY___ ═
2024-11-21 14:25:09,115 INFO     ___FILE_ONLY___ ═
2024-11-21 14:25:09,115 INFO     ___FILE_ONLY___ ═
2024-11-21 14:25:09,116 INFO     ___FILE_ONLY___ ═
2024-11-21 14:25:09,116 INFO     ___FILE_ONLY___ ═
2024-11-21 14:25:09,117 INFO     ___FILE_ONLY___ ═
2024-11-21 14:25:09,117 INFO     ___FILE_ONLY___ ═
2024-11-21 14:25:09,117 INFO     ___FILE_ONLY___ ═
2024-11-21 14:25:09,118 INFO     ___FILE_ONLY___ ═
2024-11-21 14:25:09,118 INFO     ___FILE_ONLY___ ═
2024-11-21 14:25:09,119 INFO     ___FILE_ONLY___ ═
2024-11-21 14:25:09,119 INFO     ___FILE_ONLY___ ═
2024-11-21 14:25:09,119 INFO     ___FILE_ONLY___ ═
2024-11-21 14:25:09,120 INFO     ___FILE_ONLY___ ═
2024-11-21 14:25:09,120 INFO     ___FILE_ONLY___ ═
2024-11-21 14:25:09,121 INFO     ___FILE_ONLY___ ═
2024-11-21 14:25:09,121 INFO     ___FILE_ONLY___ ═
2024-11-21 14:25:09,121 INFO     ___FILE_ONLY___ ═
2024-11-21 14:25:09,122 INFO     ___FILE_ONLY___ ═
2024-11-21 14:25:09,122 INFO     ___FILE_ONLY___ ═
2024-11-21 14:25:09,123 INFO     ___FILE_ONLY___ ═
2024-11-21 14:25:09,123 INFO     ___FILE_ONLY___ ═
2024-11-21 14:25:09,124 INFO     ___FILE_ONLY___ ═
2024-11-21 14:25:09,124 INFO     ___FILE_ONLY___ ═
2024-11-21 14:25:09,124 INFO     ___FILE_ONLY___ ═
2024-11-21 14:25:09,125 INFO     ___FILE_ONLY___ ═
2024-11-21 14:25:09,125 INFO     ___FILE_ONLY___ ═
2024-11-21 14:25:09,126 INFO     ___FILE_ONLY___ ═
2024-11-21 14:25:09,126 INFO     ___FILE_ONLY___ ═
2024-11-21 14:25:09,127 INFO     ___FILE_ONLY___ ═
2024-11-21 14:25:09,127 INFO     ___FILE_ONLY___ ═
2024-11-21 14:25:09,127 INFO     ___FILE_ONLY___ ╝

2024-11-21 14:25:09,130 INFO     ___FILE_ONLY___ ╔════════════════════════════════════════════════════════════╗

2024-11-21 14:25:09,130 INFO     ___FILE_ONLY___ ╠═ Downloading: Cloud Storage Command Line Tool (Platfor... ═╣

2024-11-21 14:25:09,130 INFO     ___FILE_ONLY___ ╚
2024-11-21 14:25:09,134 DEBUG    urllib3.connectionpool Starting new HTTPS connection (1): dl.google.com:443
2024-11-21 14:25:09,196 DEBUG    urllib3.connectionpool https://dl.google.com:443 "GET /dl/cloudsdk/channels/rapid/components/google-cloud-sdk-gsutil-nix-20240830134514.tar.gz HTTP/1.1" 200 1928
2024-11-21 14:25:09,197 INFO     ___FILE_ONLY___ ════════════════════════════════════════════════════════════
2024-11-21 14:25:09,197 INFO     ___FILE_ONLY___ ╝

2024-11-21 14:25:09,199 INFO     ___FILE_ONLY___ ╔════════════════════════════════════════════════════════════╗

2024-11-21 14:25:09,200 INFO     ___FILE_ONLY___ ╠═ Downloading: Default set of gcloud commands              ═╣

2024-11-21 14:25:09,200 INFO     ___FILE_ONLY___ ╚
2024-11-21 14:25:09,200 INFO     ___FILE_ONLY___ ════════════════════════════════════════════════════════════
2024-11-21 14:25:09,200 INFO     ___FILE_ONLY___ ╝

2024-11-21 14:25:09,202 INFO     ___FILE_ONLY___ ╔════════════════════════════════════════════════════════════╗

2024-11-21 14:25:09,203 INFO     ___FILE_ONLY___ ╠═ Downloading: Google Cloud CLI Core Libraries (Platfor... ═╣

2024-11-21 14:25:09,203 INFO     ___FILE_ONLY___ ╚
2024-11-21 14:25:09,206 DEBUG    urllib3.connectionpool Starting new HTTPS connection (1): dl.google.com:443
2024-11-21 14:25:09,271 DEBUG    urllib3.connectionpool https://dl.google.com:443 "GET /dl/cloudsdk/channels/rapid/components/google-cloud-sdk-core-nix-20240830134514.tar.gz HTTP/1.1" 200 2306
2024-11-21 14:25:09,272 INFO     ___FILE_ONLY___ ════════════════════════════════════════════════════════════
2024-11-21 14:25:09,272 INFO     ___FILE_ONLY___ ╝

2024-11-21 14:25:09,274 INFO     ___FILE_ONLY___ ╔════════════════════════════════════════════════════════════╗

2024-11-21 14:25:09,274 INFO     ___FILE_ONLY___ ╠═ Downloading: Google Cloud CRC32C Hash Tool               ═╣

2024-11-21 14:25:09,274 INFO     ___FILE_ONLY___ ╚
2024-11-21 14:25:09,275 INFO     ___FILE_ONLY___ ════════════════════════════════════════════════════════════
2024-11-21 14:25:09,275 INFO     ___FILE_ONLY___ ╝

2024-11-21 14:25:09,277 INFO     ___FILE_ONLY___ ╔════════════════════════════════════════════════════════════╗

2024-11-21 14:25:09,277 INFO     ___FILE_ONLY___ ╠═ Downloading: Google Cloud CRC32C Hash Tool (Platform ... ═╣

2024-11-21 14:25:09,277 INFO     ___FILE_ONLY___ ╚
2024-11-21 14:25:09,281 DEBUG    urllib3.connectionpool Starting new HTTPS connection (1): dl.google.com:443
2024-11-21 14:25:09,453 DEBUG    urllib3.connectionpool https://dl.google.com:443 "GET /dl/cloudsdk/channels/rapid/components/google-cloud-sdk-gcloud-crc32c-linux-x86_64-20240712142834.tar.gz HTTP/1.1" 200 1350263
2024-11-21 14:25:09,466 INFO     ___FILE_ONLY___ ═
2024-11-21 14:25:09,467 INFO     ___FILE_ONLY___ ═
2024-11-21 14:25:09,467 INFO     ___FILE_ONLY___ ═
2024-11-21 14:25:09,467 INFO     ___FILE_ONLY___ ═
2024-11-21 14:25:09,467 INFO     ___FILE_ONLY___ ═
2024-11-21 14:25:09,467 INFO     ___FILE_ONLY___ ═
2024-11-21 14:25:09,467 INFO     ___FILE_ONLY___ ═
2024-11-21 14:25:09,468 INFO     ___FILE_ONLY___ ═
2024-11-21 14:25:09,468 INFO     ___FILE_ONLY___ ═
2024-11-21 14:25:09,468 INFO     ___FILE_ONLY___ ═
2024-11-21 14:25:09,468 INFO     ___FILE_ONLY___ ═
2024-11-21 14:25:09,468 INFO     ___FILE_ONLY___ ═
2024-11-21 14:25:09,468 INFO     ___FILE_ONLY___ ═
2024-11-21 14:25:09,469 INFO     ___FILE_ONLY___ ═
2024-11-21 14:25:09,469 INFO     ___FILE_ONLY___ ═
2024-11-21 14:25:09,469 INFO     ___FILE_ONLY___ ═
2024-11-21 14:25:09,469 INFO     ___FILE_ONLY___ ═
2024-11-21 14:25:09,469 INFO     ___FILE_ONLY___ ═
2024-11-21 14:25:09,469 INFO     ___FILE_ONLY___ ═
2024-11-21 14:25:09,470 INFO     ___FILE_ONLY___ ═
2024-11-21 14:25:09,470 INFO     ___FILE_ONLY___ ═
2024-11-21 14:25:09,470 INFO     ___FILE_ONLY___ ═
2024-11-21 14:25:09,470 INFO     ___FILE_ONLY___ ═
2024-11-21 14:25:09,470 INFO     ___FILE_ONLY___ ═
2024-11-21 14:25:09,470 INFO     ___FILE_ONLY___ ═
2024-11-21 14:25:09,471 INFO     ___FILE_ONLY___ ═
2024-11-21 14:25:09,471 INFO     ___FILE_ONLY___ ═
2024-11-21 14:25:09,471 INFO     ___FILE_ONLY___ ═
2024-11-21 14:25:09,471 INFO     ___FILE_ONLY___ ═
2024-11-21 14:25:09,471 INFO     ___FILE_ONLY___ ═
2024-11-21 14:25:09,471 INFO     ___FILE_ONLY___ ═
2024-11-21 14:25:09,471 INFO     ___FILE_ONLY___ ═
2024-11-21 14:25:09,472 INFO     ___FILE_ONLY___ ═
2024-11-21 14:25:09,472 INFO     ___FILE_ONLY___ ═
2024-11-21 14:25:09,472 INFO     ___FILE_ONLY___ ═
2024-11-21 14:25:09,472 INFO     ___FILE_ONLY___ ═
2024-11-21 14:25:09,472 INFO     ___FILE_ONLY___ ═
2024-11-21 14:25:09,472 INFO     ___FILE_ONLY___ ═
2024-11-21 14:25:09,472 INFO     ___FILE_ONLY___ ═
2024-11-21 14:25:09,473 INFO     ___FILE_ONLY___ ═
2024-11-21 14:25:09,473 INFO     ___FILE_ONLY___ ═
2024-11-21 14:25:09,473 INFO     ___FILE_ONLY___ ═
2024-11-21 14:25:09,473 INFO     ___FILE_ONLY___ ═
2024-11-21 14:25:09,473 INFO     ___FILE_ONLY___ ═
2024-11-21 14:25:09,474 INFO     ___FILE_ONLY___ ═
2024-11-21 14:25:09,474 INFO     ___FILE_ONLY___ ═
2024-11-21 14:25:09,474 INFO     ___FILE_ONLY___ ═
2024-11-21 14:25:09,474 INFO     ___FILE_ONLY___ ═
2024-11-21 14:25:09,474 INFO     ___FILE_ONLY___ ═
2024-11-21 14:25:09,474 INFO     ___FILE_ONLY___ ═
2024-11-21 14:25:09,475 INFO     ___FILE_ONLY___ ═
2024-11-21 14:25:09,475 INFO     ___FILE_ONLY___ ═
2024-11-21 14:25:09,475 INFO     ___FILE_ONLY___ ═
2024-11-21 14:25:09,475 INFO     ___FILE_ONLY___ ═
2024-11-21 14:25:09,475 INFO     ___FILE_ONLY___ ═
2024-11-21 14:25:09,475 INFO     ___FILE_ONLY___ ═
2024-11-21 14:25:09,476 INFO     ___FILE_ONLY___ ═
2024-11-21 14:25:09,476 INFO     ___FILE_ONLY___ ═
2024-11-21 14:25:09,476 INFO     ___FILE_ONLY___ ═
2024-11-21 14:25:09,476 INFO     ___FILE_ONLY___ ═
2024-11-21 14:25:09,476 INFO     ___FILE_ONLY___ ╝

2024-11-21 14:25:09,478 INFO     ___FILE_ONLY___ ╔════════════════════════════════════════════════════════════╗

2024-11-21 14:25:09,479 INFO     ___FILE_ONLY___ ╠═ Downloading: gcloud cli dependencies (Platform Specific) ═╣

2024-11-21 14:25:09,479 INFO     ___FILE_ONLY___ ╚
2024-11-21 14:25:09,483 DEBUG    urllib3.connectionpool Starting new HTTPS connection (1): dl.google.com:443
2024-11-21 14:25:09,547 DEBUG    urllib3.connectionpool https://dl.google.com:443 "GET /dl/cloudsdk/channels/rapid/components/google-cloud-sdk-gcloud-deps-linux-x86_64-20210416153011.tar.gz HTTP/1.1" 200 104
2024-11-21 14:25:09,548 INFO     ___FILE_ONLY___ ════════════════════════════════════════════════════════════
2024-11-21 14:25:09,548 INFO     ___FILE_ONLY___ ╝

2024-11-21 14:25:09,551 INFO     ___FILE_ONLY___ ╔════════════════════════════════════════════════════════════╗

2024-11-21 14:25:09,551 INFO     ___FILE_ONLY___ ╠═ Installing: BigQuery Command Line Tool                   ═╣

2024-11-21 14:25:09,551 INFO     ___FILE_ONLY___ ╚
2024-11-21 14:25:09,681 INFO     ___FILE_ONLY___ ═
2024-11-21 14:25:09,684 INFO     ___FILE_ONLY___ ═
2024-11-21 14:25:09,687 INFO     ___FILE_ONLY___ ═
2024-11-21 14:25:09,690 INFO     ___FILE_ONLY___ ═
2024-11-21 14:25:09,693 INFO     ___FILE_ONLY___ ═
2024-11-21 14:25:09,696 INFO     ___FILE_ONLY___ ═
2024-11-21 14:25:09,698 INFO     ___FILE_ONLY___ ═
2024-11-21 14:25:09,701 INFO     ___FILE_ONLY___ ═
2024-11-21 14:25:09,704 INFO     ___FILE_ONLY___ ═
2024-11-21 14:25:09,707 INFO     ___FILE_ONLY___ ═
2024-11-21 14:25:09,709 INFO     ___FILE_ONLY___ ═
2024-11-21 14:25:09,712 INFO     ___FILE_ONLY___ ═
2024-11-21 14:25:09,714 INFO     ___FILE_ONLY___ ═
2024-11-21 14:25:09,717 INFO     ___FILE_ONLY___ ═
2024-11-21 14:25:09,719 INFO     ___FILE_ONLY___ ═
2024-11-21 14:25:09,722 INFO     ___FILE_ONLY___ ═
2024-11-21 14:25:09,724 INFO     ___FILE_ONLY___ ═
2024-11-21 14:25:09,728 INFO     ___FILE_ONLY___ ═
2024-11-21 14:25:09,731 INFO     ___FILE_ONLY___ ═
2024-11-21 14:25:09,734 INFO     ___FILE_ONLY___ ═
2024-11-21 14:25:09,736 INFO     ___FILE_ONLY___ ═
2024-11-21 14:25:09,739 INFO     ___FILE_ONLY___ ═
2024-11-21 14:25:09,741 INFO     ___FILE_ONLY___ ═
2024-11-21 14:25:09,743 INFO     ___FILE_ONLY___ ═
2024-11-21 14:25:09,746 INFO     ___FILE_ONLY___ ═
2024-11-21 14:25:09,748 INFO     ___FILE_ONLY___ ═
2024-11-21 14:25:09,750 INFO     ___FILE_ONLY___ ═
2024-11-21 14:25:09,753 INFO     ___FILE_ONLY___ ═
2024-11-21 14:25:09,757 INFO     ___FILE_ONLY___ ═
2024-11-21 14:25:09,759 INFO     ___FILE_ONLY___ ═
2024-11-21 14:25:09,762 INFO     ___FILE_ONLY___ ═
2024-11-21 14:25:09,764 INFO     ___FILE_ONLY___ ═
2024-11-21 14:25:09,767 INFO     ___FILE_ONLY___ ═
2024-11-21 14:25:09,772 INFO     ___FILE_ONLY___ ═
2024-11-21 14:25:09,781 INFO     ___FILE_ONLY___ ═
2024-11-21 14:25:09,783 INFO     ___FILE_ONLY___ ═
2024-11-21 14:25:09,785 INFO     ___FILE_ONLY___ ═
2024-11-21 14:25:09,791 INFO     ___FILE_ONLY___ ═
2024-11-21 14:25:09,793 INFO     ___FILE_ONLY___ ═
2024-11-21 14:25:09,796 INFO     ___FILE_ONLY___ ═
2024-11-21 14:25:09,799 INFO     ___FILE_ONLY___ ═
2024-11-21 14:25:09,801 INFO     ___FILE_ONLY___ ═
2024-11-21 14:25:09,806 INFO     ___FILE_ONLY___ ═
2024-11-21 14:25:09,809 INFO     ___FILE_ONLY___ ═
2024-11-21 14:25:09,811 INFO     ___FILE_ONLY___ ═
2024-11-21 14:25:09,814 INFO     ___FILE_ONLY___ ═
2024-11-21 14:25:09,816 INFO     ___FILE_ONLY___ ═
2024-11-21 14:25:09,819 INFO     ___FILE_ONLY___ ═
2024-11-21 14:25:09,821 INFO     ___FILE_ONLY___ ═
2024-11-21 14:25:09,824 INFO     ___FILE_ONLY___ ═
2024-11-21 14:25:09,826 INFO     ___FILE_ONLY___ ═
2024-11-21 14:25:09,828 INFO     ___FILE_ONLY___ ═
2024-11-21 14:25:09,831 INFO     ___FILE_ONLY___ ═
2024-11-21 14:25:09,833 INFO     ___FILE_ONLY___ ═
2024-11-21 14:25:09,836 INFO     ___FILE_ONLY___ ═
2024-11-21 14:25:09,838 INFO     ___FILE_ONLY___ ═
2024-11-21 14:25:09,840 INFO     ___FILE_ONLY___ ═
2024-11-21 14:25:09,843 INFO     ___FILE_ONLY___ ═
2024-11-21 14:25:09,845 INFO     ___FILE_ONLY___ ═
2024-11-21 14:25:09,848 INFO     ___FILE_ONLY___ ═
2024-11-21 14:25:09,848 INFO     ___FILE_ONLY___ ╝

2024-11-21 14:25:09,868 INFO     ___FILE_ONLY___ ╔════════════════════════════════════════════════════════════╗

2024-11-21 14:25:09,868 INFO     ___FILE_ONLY___ ╠═ Installing: BigQuery Command Line Tool (Platform Spec... ═╣

2024-11-21 14:25:09,868 INFO     ___FILE_ONLY___ ╚
2024-11-21 14:25:09,869 INFO     ___FILE_ONLY___ ════════════════════════════════════════════════════════════
2024-11-21 14:25:09,869 INFO     ___FILE_ONLY___ ╝

2024-11-21 14:25:09,877 INFO     ___FILE_ONLY___ ╔════════════════════════════════════════════════════════════╗

2024-11-21 14:25:09,877 INFO     ___FILE_ONLY___ ╠═ Installing: Bundled Python 3.11                          ═╣

2024-11-21 14:25:09,878 INFO     ___FILE_ONLY___ ╚
2024-11-21 14:25:09,883 INFO     ___FILE_ONLY___ ════════════════════════════════════════════════════════════
2024-11-21 14:25:09,884 INFO     ___FILE_ONLY___ ╝

2024-11-21 14:25:09,886 INFO     ___FILE_ONLY___ ╔════════════════════════════════════════════════════════════╗

2024-11-21 14:25:09,886 INFO     ___FILE_ONLY___ ╠═ Installing: Bundled Python 3.11 (Platform Specific)      ═╣

2024-11-21 14:25:09,886 INFO     ___FILE_ONLY___ ╚
2024-11-21 14:25:12,190 INFO     ___FILE_ONLY___ ═
2024-11-21 14:25:12,208 INFO     ___FILE_ONLY___ ═
2024-11-21 14:25:12,224 INFO     ___FILE_ONLY___ ═
2024-11-21 14:25:12,238 INFO     ___FILE_ONLY___ ═
2024-11-21 14:25:12,253 INFO     ___FILE_ONLY___ ═
2024-11-21 14:25:12,269 INFO     ___FILE_ONLY___ ═
2024-11-21 14:25:12,284 INFO     ___FILE_ONLY___ ═
2024-11-21 14:25:12,299 INFO     ___FILE_ONLY___ ═
2024-11-21 14:25:12,314 INFO     ___FILE_ONLY___ ═
2024-11-21 14:25:12,329 INFO     ___FILE_ONLY___ ═
2024-11-21 14:25:12,344 INFO     ___FILE_ONLY___ ═
2024-11-21 14:25:12,359 INFO     ___FILE_ONLY___ ═
2024-11-21 14:25:12,374 INFO     ___FILE_ONLY___ ═
2024-11-21 14:25:12,389 INFO     ___FILE_ONLY___ ═
2024-11-21 14:25:12,404 INFO     ___FILE_ONLY___ ═
2024-11-21 14:25:12,420 INFO     ___FILE_ONLY___ ═
2024-11-21 14:25:12,435 INFO     ___FILE_ONLY___ ═
2024-11-21 14:25:12,450 INFO     ___FILE_ONLY___ ═
2024-11-21 14:25:12,465 INFO     ___FILE_ONLY___ ═
2024-11-21 14:25:12,479 INFO     ___FILE_ONLY___ ═
2024-11-21 14:25:12,494 INFO     ___FILE_ONLY___ ═
2024-11-21 14:25:12,509 INFO     ___FILE_ONLY___ ═
2024-11-21 14:25:12,524 INFO     ___FILE_ONLY___ ═
2024-11-21 14:25:12,539 INFO     ___FILE_ONLY___ ═
2024-11-21 14:25:12,554 INFO     ___FILE_ONLY___ ═
2024-11-21 14:25:12,570 INFO     ___FILE_ONLY___ ═
2024-11-21 14:25:12,585 INFO     ___FILE_ONLY___ ═
2024-11-21 14:25:12,600 INFO     ___FILE_ONLY___ ═
2024-11-21 14:25:12,615 INFO     ___FILE_ONLY___ ═
2024-11-21 14:25:12,630 INFO     ___FILE_ONLY___ ═
2024-11-21 14:25:12,645 INFO     ___FILE_ONLY___ ═
2024-11-21 14:25:12,660 INFO     ___FILE_ONLY___ ═
2024-11-21 14:25:12,674 INFO     ___FILE_ONLY___ ═
2024-11-21 14:25:12,689 INFO     ___FILE_ONLY___ ═
2024-11-21 14:25:12,704 INFO     ___FILE_ONLY___ ═
2024-11-21 14:25:12,720 INFO     ___FILE_ONLY___ ═
2024-11-21 14:25:13,531 INFO     ___FILE_ONLY___ ═
2024-11-21 14:25:13,560 INFO     ___FILE_ONLY___ ═
2024-11-21 14:25:13,586 INFO     ___FILE_ONLY___ ═
2024-11-21 14:25:13,610 INFO     ___FILE_ONLY___ ═
2024-11-21 14:25:13,633 INFO     ___FILE_ONLY___ ═
2024-11-21 14:25:13,783 INFO     ___FILE_ONLY___ ═
2024-11-21 14:25:13,815 INFO     ___FILE_ONLY___ ═
2024-11-21 14:25:13,837 INFO     ___FILE_ONLY___ ═
2024-11-21 14:25:13,856 INFO     ___FILE_ONLY___ ═
2024-11-21 14:25:13,877 INFO     ___FILE_ONLY___ ═
2024-11-21 14:25:13,910 INFO     ___FILE_ONLY___ ═
2024-11-21 14:25:13,934 INFO     ___FILE_ONLY___ ═
2024-11-21 14:25:13,955 INFO     ___FILE_ONLY___ ═
2024-11-21 14:25:13,972 INFO     ___FILE_ONLY___ ═
2024-11-21 14:25:14,089 INFO     ___FILE_ONLY___ ═
2024-11-21 14:25:14,117 INFO     ___FILE_ONLY___ ═
2024-11-21 14:25:14,140 INFO     ___FILE_ONLY___ ═
2024-11-21 14:25:14,161 INFO     ___FILE_ONLY___ ═
2024-11-21 14:25:14,211 INFO     ___FILE_ONLY___ ═
2024-11-21 14:25:14,613 INFO     ___FILE_ONLY___ ═
2024-11-21 14:25:14,633 INFO     ___FILE_ONLY___ ═
2024-11-21 14:25:14,657 INFO     ___FILE_ONLY___ ═
2024-11-21 14:25:14,677 INFO     ___FILE_ONLY___ ═
2024-11-21 14:25:15,078 INFO     ___FILE_ONLY___ ═
2024-11-21 14:25:15,078 INFO     ___FILE_ONLY___ ╝

2024-11-21 14:25:15,195 INFO     ___FILE_ONLY___ ╔════════════════════════════════════════════════════════════╗

2024-11-21 14:25:15,196 INFO     ___FILE_ONLY___ ╠═ Installing: Cloud Storage Command Line Tool              ═╣

2024-11-21 14:25:15,196 INFO     ___FILE_ONLY___ ╚
2024-11-21 14:25:15,902 INFO     ___FILE_ONLY___ ═
2024-11-21 14:25:15,919 INFO     ___FILE_ONLY___ ═
2024-11-21 14:25:15,941 INFO     ___FILE_ONLY___ ═
2024-11-21 14:25:15,961 INFO     ___FILE_ONLY___ ═
2024-11-21 14:25:15,976 INFO     ___FILE_ONLY___ ═
2024-11-21 14:25:15,986 INFO     ___FILE_ONLY___ ═
2024-11-21 14:25:15,996 INFO     ___FILE_ONLY___ ═
2024-11-21 14:25:16,008 INFO     ___FILE_ONLY___ ═
2024-11-21 14:25:16,019 INFO     ___FILE_ONLY___ ═
2024-11-21 14:25:16,029 INFO     ___FILE_ONLY___ ═
2024-11-21 14:25:16,042 INFO     ___FILE_ONLY___ ═
2024-11-21 14:25:16,054 INFO     ___FILE_ONLY___ ═
2024-11-21 14:25:16,066 INFO     ___FILE_ONLY___ ═
2024-11-21 14:25:16,079 INFO     ___FILE_ONLY___ ═
2024-11-21 14:25:16,094 INFO     ___FILE_ONLY___ ═
2024-11-21 14:25:16,109 INFO     ___FILE_ONLY___ ═
2024-11-21 14:25:16,125 INFO     ___FILE_ONLY___ ═
2024-11-21 14:25:16,140 INFO     ___FILE_ONLY___ ═
2024-11-21 14:25:16,154 INFO     ___FILE_ONLY___ ═
2024-11-21 14:25:16,170 INFO     ___FILE_ONLY___ ═
2024-11-21 14:25:16,185 INFO     ___FILE_ONLY___ ═
2024-11-21 14:25:16,203 INFO     ___FILE_ONLY___ ═
2024-11-21 14:25:16,217 INFO     ___FILE_ONLY___ ═
2024-11-21 14:25:16,230 INFO     ___FILE_ONLY___ ═
2024-11-21 14:25:16,248 INFO     ___FILE_ONLY___ ═
2024-11-21 14:25:16,265 INFO     ___FILE_ONLY___ ═
2024-11-21 14:25:16,284 INFO     ___FILE_ONLY___ ═
2024-11-21 14:25:16,304 INFO     ___FILE_ONLY___ ═
2024-11-21 14:25:16,328 INFO     ___FILE_ONLY___ ═
2024-11-21 14:25:16,343 INFO     ___FILE_ONLY___ ═
2024-11-21 14:25:16,354 INFO     ___FILE_ONLY___ ═
2024-11-21 14:25:16,367 INFO     ___FILE_ONLY___ ═
2024-11-21 14:25:16,378 INFO     ___FILE_ONLY___ ═
2024-11-21 14:25:16,389 INFO     ___FILE_ONLY___ ═
2024-11-21 14:25:16,403 INFO     ___FILE_ONLY___ ═
2024-11-21 14:25:16,416 INFO     ___FILE_ONLY___ ═
2024-11-21 14:25:16,428 INFO     ___FILE_ONLY___ ═
2024-11-21 14:25:16,439 INFO     ___FILE_ONLY___ ═
2024-11-21 14:25:16,451 INFO     ___FILE_ONLY___ ═
2024-11-21 14:25:16,464 INFO     ___FILE_ONLY___ ═
2024-11-21 14:25:16,502 INFO     ___FILE_ONLY___ ═
2024-11-21 14:25:16,519 INFO     ___FILE_ONLY___ ═
2024-11-21 14:25:16,532 INFO     ___FILE_ONLY___ ═
2024-11-21 14:25:16,545 INFO     ___FILE_ONLY___ ═
2024-11-21 14:25:16,556 INFO     ___FILE_ONLY___ ═
2024-11-21 14:25:16,567 INFO     ___FILE_ONLY___ ═
2024-11-21 14:25:16,580 INFO     ___FILE_ONLY___ ═
2024-11-21 14:25:16,593 INFO     ___FILE_ONLY___ ═
2024-11-21 14:25:16,613 INFO     ___FILE_ONLY___ ═
2024-11-21 14:25:16,626 INFO     ___FILE_ONLY___ ═
2024-11-21 14:25:16,637 INFO     ___FILE_ONLY___ ═
2024-11-21 14:25:16,647 INFO     ___FILE_ONLY___ ═
2024-11-21 14:25:16,664 INFO     ___FILE_ONLY___ ═
2024-11-21 14:25:16,677 INFO     ___FILE_ONLY___ ═
2024-11-21 14:25:16,692 INFO     ___FILE_ONLY___ ═
2024-11-21 14:25:16,711 INFO     ___FILE_ONLY___ ═
2024-11-21 14:25:16,724 INFO     ___FILE_ONLY___ ═
2024-11-21 14:25:16,737 INFO     ___FILE_ONLY___ ═
2024-11-21 14:25:16,748 INFO     ___FILE_ONLY___ ═
2024-11-21 14:25:16,759 INFO     ___FILE_ONLY___ ═
2024-11-21 14:25:16,760 INFO     ___FILE_ONLY___ ╝

2024-11-21 14:25:16,838 INFO     ___FILE_ONLY___ ╔════════════════════════════════════════════════════════════╗

2024-11-21 14:25:16,838 INFO     ___FILE_ONLY___ ╠═ Installing: Cloud Storage Command Line Tool (Platform... ═╣

2024-11-21 14:25:16,838 INFO     ___FILE_ONLY___ ╚
2024-11-21 14:25:16,839 INFO     ___FILE_ONLY___ ════════════════════════════════════════════════════════════
2024-11-21 14:25:16,840 INFO     ___FILE_ONLY___ ╝

2024-11-21 14:25:16,848 INFO     ___FILE_ONLY___ ╔════════════════════════════════════════════════════════════╗

2024-11-21 14:25:16,848 INFO     ___FILE_ONLY___ ╠═ Installing: Default set of gcloud commands               ═╣

2024-11-21 14:25:16,848 INFO     ___FILE_ONLY___ ╚
2024-11-21 14:25:16,854 INFO     ___FILE_ONLY___ ════════════════════════════════════════════════════════════
2024-11-21 14:25:16,854 INFO     ___FILE_ONLY___ ╝

2024-11-21 14:25:16,856 INFO     ___FILE_ONLY___ ╔════════════════════════════════════════════════════════════╗

2024-11-21 14:25:16,856 INFO     ___FILE_ONLY___ ╠═ Installing: Google Cloud CLI Core Libraries (Platform... ═╣

2024-11-21 14:25:16,856 INFO     ___FILE_ONLY___ ╚
2024-11-21 14:25:16,857 INFO     ___FILE_ONLY___ ══════════════════════════════
2024-11-21 14:25:16,858 INFO     ___FILE_ONLY___ ══════════════════════════════
2024-11-21 14:25:16,858 INFO     ___FILE_ONLY___ ╝

2024-11-21 14:25:16,866 INFO     ___FILE_ONLY___ ╔════════════════════════════════════════════════════════════╗

2024-11-21 14:25:16,866 INFO     ___FILE_ONLY___ ╠═ Installing: Google Cloud CRC32C Hash Tool                ═╣

2024-11-21 14:25:16,866 INFO     ___FILE_ONLY___ ╚
2024-11-21 14:25:16,872 INFO     ___FILE_ONLY___ ════════════════════════════════════════════════════════════
2024-11-21 14:25:16,872 INFO     ___FILE_ONLY___ ╝

2024-11-21 14:25:16,874 INFO     ___FILE_ONLY___ ╔════════════════════════════════════════════════════════════╗

2024-11-21 14:25:16,874 INFO     ___FILE_ONLY___ ╠═ Installing: Google Cloud CRC32C Hash Tool (Platform S... ═╣

2024-11-21 14:25:16,874 INFO     ___FILE_ONLY___ ╚
2024-11-21 14:25:16,912 INFO     ___FILE_ONLY___ ══════════════════════════════
2024-11-21 14:25:16,913 INFO     ___FILE_ONLY___ ══════════════════════════════
2024-11-21 14:25:16,913 INFO     ___FILE_ONLY___ ╝

2024-11-21 14:25:16,921 INFO     ___FILE_ONLY___ ╔════════════════════════════════════════════════════════════╗

2024-11-21 14:25:16,922 INFO     ___FILE_ONLY___ ╠═ Installing: gcloud cli dependencies (Platform Specific)  ═╣

2024-11-21 14:25:16,922 INFO     ___FILE_ONLY___ ╚
2024-11-21 14:25:16,922 INFO     ___FILE_ONLY___ ════════════════════════════════════════════════════════════
2024-11-21 14:25:16,922 INFO     ___FILE_ONLY___ ╝

2024-11-21 14:25:16,932 DEBUG    root            Updating notification cache...
2024-11-21 14:25:16,933 INFO     ___FILE_ONLY___ 

2024-11-21 14:25:16,935 INFO     ___FILE_ONLY___ Performing post processing steps...
2024-11-21 14:25:16,936 DEBUG    root            Executing command: ['/tools/google-cloud-sdk/bin/gcloud', 'components', 'post-process']
2024-11-21 14:25:29,563 DEBUG    ___FILE_ONLY___ 
2024-11-21 14:25:29,563 DEBUG    ___FILE_ONLY___ 
2024-11-21 14:25:29,718 INFO     ___FILE_ONLY___ 
Update done!


2024-11-21 14:25:29,722 DEBUG    root            Chosen display Format:none
2024-11-21 14:25:29,723 INFO     root            Display format: "none"
