2024-11-21 14:25:30,369 DEBUG    root            Loaded Command Group: ['gcloud', 'components']
2024-11-21 14:25:30,372 DEBUG    root            Loaded Command Group: ['gcloud', 'components', 'update']
2024-11-21 14:25:30,375 DEBUG    root            Running [gcloud.components.update] with arguments: [--quiet: "True", COMPONENT-IDS:8: "['gcloud', 'core', 'bq', 'gsutil', 'compute', 'preview', 'alpha', 'beta']"]
2024-11-21 14:25:30,376 INFO     ___FILE_ONLY___ Beginning update. This process may take several minutes.

2024-11-21 14:25:30,386 DEBUG    urllib3.connectionpool Starting new HTTPS connection (1): dl.google.com:443
2024-11-21 14:25:30,452 DEBUG    urllib3.connectionpool https://dl.google.com:443 "GET /dl/cloudsdk/channels/rapid/components-2.json HTTP/1.1" 200 227816
2024-11-21 14:25:30,476 WARNING  root            Component [compute] no longer exists.
2024-11-21 14:25:30,478 INFO     ___FILE_ONLY___ 

2024-11-21 14:25:30,478 INFO     ___FILE_ONLY___ 
Your current Google Cloud CLI version is: 502.0.0

2024-11-21 14:25:30,478 INFO     ___FILE_ONLY___ Installing components from version: 502.0.0

2024-11-21 14:25:30,479 INFO     ___FILE_ONLY___ 

2024-11-21 14:25:30,479 DEBUG    root            Chosen display Format:table[box,title="These components will be removed."](details.display_name:label=Name:align=left,version.version_string:label=Version:align=right,data.size.size(zero="",min=1048576):label=Size:align=right)
2024-11-21 14:25:30,480 DEBUG    root            Chosen display Format:table[box,title="These components will be updated."](details.display_name:label=Name:align=left,version.version_string:label=Version:align=right,data.size.size(zero="",min=1048576):label=Size:align=right)
2024-11-21 14:25:30,481 DEBUG    root            Chosen display Format:table[box,title="These components will be installed."](details.display_name:label=Name:align=left,version.version_string:label=Version:align=right,data.size.size(zero="",min=1048576):label=Size:align=right)
2024-11-21 14:25:30,500 INFO     ___FILE_ONLY___ ┌────────────────────────────────────────────────┐
2024-11-21 14:25:30,501 INFO     ___FILE_ONLY___ 

2024-11-21 14:25:30,501 INFO     ___FILE_ONLY___ │      These components will be installed.       │
2024-11-21 14:25:30,501 INFO     ___FILE_ONLY___ 

2024-11-21 14:25:30,501 INFO     ___FILE_ONLY___ ├─────────────────────────┬────────────┬─────────┤
2024-11-21 14:25:30,501 INFO     ___FILE_ONLY___ 

2024-11-21 14:25:30,501 INFO     ___FILE_ONLY___ │           Name          │  Version   │   Size  │
2024-11-21 14:25:30,501 INFO     ___FILE_ONLY___ 

2024-11-21 14:25:30,501 INFO     ___FILE_ONLY___ ├─────────────────────────┼────────────┼─────────┤
2024-11-21 14:25:30,502 INFO     ___FILE_ONLY___ 

2024-11-21 14:25:30,502 INFO     ___FILE_ONLY___ │ 
2024-11-21 14:25:30,502 INFO     ___FILE_ONLY___ gcloud Alpha Commands  
2024-11-21 14:25:30,502 INFO     ___FILE_ONLY___  
2024-11-21 14:25:30,502 INFO     ___FILE_ONLY___ │ 
2024-11-21 14:25:30,502 INFO     ___FILE_ONLY___ 2024.11.15
2024-11-21 14:25:30,502 INFO     ___FILE_ONLY___  
2024-11-21 14:25:30,502 INFO     ___FILE_ONLY___ │ 
2024-11-21 14:25:30,503 INFO     ___FILE_ONLY___ < 1 MiB
2024-11-21 14:25:30,503 INFO     ___FILE_ONLY___  
2024-11-21 14:25:30,503 INFO     ___FILE_ONLY___ │
2024-11-21 14:25:30,503 INFO     ___FILE_ONLY___ 

2024-11-21 14:25:30,503 INFO     ___FILE_ONLY___ │ 
2024-11-21 14:25:30,503 INFO     ___FILE_ONLY___ gcloud Beta Commands   
2024-11-21 14:25:30,503 INFO     ___FILE_ONLY___  
2024-11-21 14:25:30,503 INFO     ___FILE_ONLY___ │ 
2024-11-21 14:25:30,503 INFO     ___FILE_ONLY___ 2024.11.15
2024-11-21 14:25:30,504 INFO     ___FILE_ONLY___  
2024-11-21 14:25:30,504 INFO     ___FILE_ONLY___ │ 
2024-11-21 14:25:30,504 INFO     ___FILE_ONLY___ < 1 MiB
2024-11-21 14:25:30,504 INFO     ___FILE_ONLY___  
2024-11-21 14:25:30,504 INFO     ___FILE_ONLY___ │
2024-11-21 14:25:30,504 INFO     ___FILE_ONLY___ 

2024-11-21 14:25:30,504 INFO     ___FILE_ONLY___ │ 
2024-11-21 14:25:30,504 INFO     ___FILE_ONLY___ gcloud Preview Commands
2024-11-21 14:25:30,504 INFO     ___FILE_ONLY___  
2024-11-21 14:25:30,505 INFO     ___FILE_ONLY___ │ 
2024-11-21 14:25:30,505 INFO     ___FILE_ONLY___           
2024-11-21 14:25:30,505 INFO     ___FILE_ONLY___  
2024-11-21 14:25:30,505 INFO     ___FILE_ONLY___ │ 
2024-11-21 14:25:30,505 INFO     ___FILE_ONLY___ < 1 MiB
2024-11-21 14:25:30,505 INFO     ___FILE_ONLY___  
2024-11-21 14:25:30,505 INFO     ___FILE_ONLY___ │
2024-11-21 14:25:30,505 INFO     ___FILE_ONLY___ 

2024-11-21 14:25:30,505 INFO     ___FILE_ONLY___ └─────────────────────────┴────────────┴─────────┘
2024-11-21 14:25:30,506 INFO     ___FILE_ONLY___ 

2024-11-21 14:25:30,506 INFO     ___FILE_ONLY___ 

2024-11-21 14:25:30,509 DEBUG    urllib3.connectionpool Starting new HTTPS connection (1): dl.google.com:443
2024-11-21 14:25:30,572 DEBUG    urllib3.connectionpool https://dl.google.com:443 "GET /dl/cloudsdk/channels/rapid/RELEASE_NOTES HTTP/1.1" 200 1314602
2024-11-21 14:25:30,644 INFO     ___FILE_ONLY___ For the latest full release notes, please visit:
  https://cloud.google.com/sdk/release_notes


2024-11-21 14:25:30,645 INFO     ___FILE_ONLY___ Performing in place update...


2024-11-21 14:25:30,647 INFO     ___FILE_ONLY___ ╔════════════════════════════════════════════════════════════╗

2024-11-21 14:25:30,647 INFO     ___FILE_ONLY___ ╠═ Downloading: gcloud Alpha Commands                       ═╣

2024-11-21 14:25:30,647 INFO     ___FILE_ONLY___ ╚
2024-11-21 14:25:30,651 DEBUG    urllib3.connectionpool Starting new HTTPS connection (1): dl.google.com:443
2024-11-21 14:25:30,721 DEBUG    urllib3.connectionpool https://dl.google.com:443 "GET /dl/cloudsdk/channels/rapid/components/google-cloud-sdk-alpha-20241115154308.tar.gz HTTP/1.1" 200 800
2024-11-21 14:25:30,722 INFO     ___FILE_ONLY___ ════════════════════════════════════════════════════════════
2024-11-21 14:25:30,722 INFO     ___FILE_ONLY___ ╝

2024-11-21 14:25:30,724 INFO     ___FILE_ONLY___ ╔════════════════════════════════════════════════════════════╗

2024-11-21 14:25:30,724 INFO     ___FILE_ONLY___ ╠═ Downloading: gcloud Beta Commands                        ═╣

2024-11-21 14:25:30,725 INFO     ___FILE_ONLY___ ╚
2024-11-21 14:25:30,728 DEBUG    urllib3.connectionpool Starting new HTTPS connection (1): dl.google.com:443
2024-11-21 14:25:30,789 DEBUG    urllib3.connectionpool https://dl.google.com:443 "GET /dl/cloudsdk/channels/rapid/components/google-cloud-sdk-beta-20241115154308.tar.gz HTTP/1.1" 200 797
2024-11-21 14:25:30,790 INFO     ___FILE_ONLY___ ════════════════════════════════════════════════════════════
2024-11-21 14:25:30,790 INFO     ___FILE_ONLY___ ╝

2024-11-21 14:25:30,792 INFO     ___FILE_ONLY___ ╔════════════════════════════════════════════════════════════╗

2024-11-21 14:25:30,792 INFO     ___FILE_ONLY___ ╠═ Downloading: gcloud Preview Commands                     ═╣

2024-11-21 14:25:30,792 INFO     ___FILE_ONLY___ ╚
2024-11-21 14:25:30,796 DEBUG    urllib3.connectionpool Starting new HTTPS connection (1): dl.google.com:443
2024-11-21 14:25:30,891 DEBUG    urllib3.connectionpool https://dl.google.com:443 "GET /dl/cloudsdk/channels/rapid/components/google-cloud-sdk-preview-20241115154308.tar.gz HTTP/1.1" 200 823
2024-11-21 14:25:30,892 INFO     ___FILE_ONLY___ ════════════════════════════════════════════════════════════
2024-11-21 14:25:30,892 INFO     ___FILE_ONLY___ ╝

2024-11-21 14:25:30,894 INFO     ___FILE_ONLY___ ╔════════════════════════════════════════════════════════════╗

2024-11-21 14:25:30,894 INFO     ___FILE_ONLY___ ╠═ Installing: gcloud Alpha Commands                        ═╣

2024-11-21 14:25:30,894 INFO     ___FILE_ONLY___ ╚
2024-11-21 14:25:30,895 INFO     ___FILE_ONLY___ ════════════════════════════════════════════════════════════
2024-11-21 14:25:30,895 INFO     ___FILE_ONLY___ ╝

2024-11-21 14:25:30,910 INFO     ___FILE_ONLY___ ╔════════════════════════════════════════════════════════════╗

2024-11-21 14:25:30,910 INFO     ___FILE_ONLY___ ╠═ Installing: gcloud Beta Commands                         ═╣

2024-11-21 14:25:30,910 INFO     ___FILE_ONLY___ ╚
2024-11-21 14:25:30,911 INFO     ___FILE_ONLY___ ════════════════════════════════════════════════════════════
2024-11-21 14:25:30,911 INFO     ___FILE_ONLY___ ╝

2024-11-21 14:25:30,919 INFO     ___FILE_ONLY___ ╔════════════════════════════════════════════════════════════╗

2024-11-21 14:25:30,919 INFO     ___FILE_ONLY___ ╠═ Installing: gcloud Preview Commands                      ═╣

2024-11-21 14:25:30,919 INFO     ___FILE_ONLY___ ╚
2024-11-21 14:25:30,920 INFO     ___FILE_ONLY___ ════════════════════════════════════════════════════════════
2024-11-21 14:25:30,920 INFO     ___FILE_ONLY___ ╝

2024-11-21 14:25:30,930 DEBUG    root            Updating notification cache...
2024-11-21 14:25:30,931 INFO     ___FILE_ONLY___ 

2024-11-21 14:25:30,933 INFO     ___FILE_ONLY___ Performing post processing steps...
2024-11-21 14:25:30,934 DEBUG    root            Executing command: ['/tools/google-cloud-sdk/bin/gcloud', 'components', 'post-process']
2024-11-21 14:25:43,194 DEBUG    ___FILE_ONLY___ 
2024-11-21 14:25:43,194 DEBUG    ___FILE_ONLY___ 
2024-11-21 14:25:43,212 INFO     ___FILE_ONLY___ 
Update done!


2024-11-21 14:25:43,216 DEBUG    root            Chosen display Format:none
2024-11-21 14:25:43,216 INFO     root            Display format: "none"
